<?xml version="1.0" encoding="UTF-8"?>
<testsuite name="Cucumber" time="0.684" tests="7" skipped="0" failures="5" errors="0">
<testcase classname="feature to test login functionality" name="Check login is successful with valid credentials" time="0.046">
<system-out><![CDATA[
Given user is on login page.................................................passed
When user enters username and password......................................passed
And clicks on login button..................................................passed
Then user is navigated to the home page.....................................passed
]]></system-out>
</testcase>
<testcase classname="feature to test login functionality" name="Check login with invalid credentials" time="0.006">
<system-out><![CDATA[
Given user is on login page.................................................passed
When user enters invalid username and password..............................passed
And clicks on login button..................................................passed
Then error message is displayed - Invalid Credentials.......................passed
]]></system-out>
</testcase>
<testcase classname="Feature to test signup functionality" name="Check signup is successful with valid information" time="0.019">
<failure/>
<system-out><![CDATA[
Given user is on the signup page............................................undefined
When user enters valid username, email, and password........................skipped
And clicks on the signup button.............................................skipped
Then user is navigated to the welcome page..................................skipped
And a confirmation message "Signup successful" is displayed.................skipped
]]></system-out>
</testcase>
<testcase classname="Feature to test signup functionality" name="Check signup with an already registered email" time="0.008">
<failure/>
<system-out><![CDATA[
Given user is on the signup page............................................undefined
When user enters an email that is already registered........................skipped
And clicks on the signup button.............................................skipped
Then error message "Email is already registered" is displayed...............skipped
And user remains on the signup page.........................................skipped
]]></system-out>
</testcase>
<testcase classname="Feature to test signup functionality" name="Check signup with a weak password" time="0.008">
<failure/>
<system-out><![CDATA[
Given user is on the signup page............................................undefined
When user enters a weak password............................................skipped
And clicks on the signup button.............................................skipped
Then error message "Password is too weak" is displayed......................skipped
And user remains on the signup page.........................................skipped
]]></system-out>
</testcase>
<testcase classname="Feature to test signup functionality" name="Check signup with an invalid email format" time="0.01">
<failure/>
<system-out><![CDATA[
Given user is on the signup page............................................undefined
When user enters an invalid email format....................................skipped
And clicks on the signup button.............................................skipped
Then error message "Invalid email format" is displayed......................skipped
And user remains on the signup page.........................................skipped
]]></system-out>
</testcase>
<testcase classname="Feature to test signup functionality" name="Check signup with missing required information" time="0.007">
<failure/>
<system-out><![CDATA[
Given user is on the signup page............................................undefined
When user leaves required fields empty......................................skipped
And clicks on the signup button.............................................skipped
Then error message "All fields are required" is displayed...................skipped
And user remains on the signup page.........................................skipped
]]></system-out>
</testcase>
</testsuite>
